<?xml version="1.0" encoding="UTF-8"?>
<!-- Generated by org.testng.reporters.JUnitReportReporter -->
<testsuite hostname="Kowshic" failures="0" tests="1" name="Library.LiabraryAPIDynamic" time="4.479" errors="0" timestamp="27 Aug 2020 13:34:20 GMT" skipped="0">
  <testcase classname="Library.LiabraryAPIDynamic" name="addBook" time="4.479"/>
</testsuite> <!-- Library.LiabraryAPIDynamic -->
