<?xml version="1.0" encoding="UTF-8"?>
<!-- Generated by org.testng.reporters.JUnitReportReporter -->
<testsuite hostname="Kowshic" name="LiabraryAPIDynamic" tests="1" failures="0" timestamp="7 Apr 2020 14:52:11 GMT" time="3.075" errors="0">
  <testcase name="addBook" time="3.075" classname="LiabraryAPIDynamic"/>
</testsuite> <!-- LiabraryAPIDynamic -->
