<?xml version="1.0" encoding="UTF-8"?>
<!-- Generated by org.testng.reporters.JUnitReportReporter -->
<testsuite hostname="Kowshic" name="SumValidation" tests="1" failures="0" timestamp="19 Apr 2020 15:55:29 GMT" time="1.691" errors="0">
  <testcase name="sumOfCourses" time="1.691" classname="SumValidation"/>
</testsuite> <!-- SumValidation -->
