<?xml version="1.0" encoding="UTF-8"?>
<!-- Generated by org.testng.reporters.JUnitReportReporter -->
<testsuite hostname="Kowshic" name="SumValidation" tests="1" failures="0" timestamp="7 Apr 2020 13:49:24 GMT" time="1.344" errors="0">
  <testcase name="sumOfCourses" time="1.344" classname="SumValidation"/>
</testsuite> <!-- SumValidation -->
